
ROM used:   3156/8192 (39%)
            3856/8192 (47%) including unused fragments

            0.8 Average locations per line
            3.5 Average locations per statement

RAM used:   87/512 (17%) at main() level
            123/512 (24%) worst case

Stack used: 5 worst case (5 in main + 0 for interrupts)
Stack size: 16

Lines Stmts  %   Files
----- ----- ---  -----
  488   287  32  Dino.c
 1068     0   0  C:\Program Files (x86)\PICC\Devices\16f1937.h
 1352   359  40  C:\Program Files (x86)\PICC\Drivers\stdlib.h
   32     0   0  C:\Program Files (x86)\PICC\Drivers\stddef.h
  435   129  14  C:\Program Files (x86)\PICC\Drivers\string.h
   28     0   0  C:\Program Files (x86)\PICC\Drivers\ctype.h
   81    21   2  C:\Program Files (x86)\PICC\Drivers\tones.c
  456   100  11  C:\Program Files (x86)\PICC\Drivers\lcd.c
----- -----
 3940   896 Total

Page ROM  %  RAM    Vol Diff  Functions:
---- --- --- ---    --- ----  ----------
 Inline        16             @MUL3232
 Inline         4    101  3.8  rand
0     39   1    5             @DIV1616
0     22   1    1             @delay_ms1
 Inline         3    760  4.5  lcd_read_byte
0     51   2    2    262  3.7  lcd_read_nibble
0     53   2    1    399  2.4  lcd_send_nibble
0     98   3    3    415  3.7  lcd_send_byte
0     86   3    6    852  6.2  lcd_init
0     20   1    4    208  6.3  lcd_gotoxy
0     58   2    1    354  4.7  lcd_putc
0     44   1    5    267  6.8  lcd_set_cgram_char
1   1808  57    4  10760  9.4  principal
0      1   0    0             @const1105
0     78   2    4             @PSTRINGC7_1074
0      5   0    0             @const1110
0     10   0    0             @const1111
0     88   3    4             @PSTRINGCN7_1074
0    105   3   13             @PRINTF_LU_1074
0      1   0    0             @const1116
0     10   0    0             @const1117
0      1   0    0             @const1118
0      1   0    0             @const1138
0      1   0    0             @const1160
0    504  16    1   2096  2.9  MAIN
0      6   0    0             @const1164
0      7   0    0             @const1165
0      1   0    0             @const1166
0      8   0    0             @const1167
0      8   0    0             @const1168
0      1   0    0             @const1169
0     11   0    0             @const1170
0     22   1    2             @PSTRINGR_1074
0      1   0    0             @const1172
0      1   0    0             @const1174
0      1   0    0             @const1176
0      1   0    0             @const1178
0      1   0    0             @const1179
 Inline         0             @cinit1

Program metrics:
    Functions               11
    Statements              896
    Comments                1240
    Volume (V)              21442
    Difficulty (D)          52.0
    Effort to implement (E) 1114861
    Time to implement (T)   17 hours, 12 minutes
    Est Delivered Bugs (B)  4
    Cyclomatic Complexity   37
    Maintainability (MI)    26

 Segment     Used  Free
-----------  ----  ----
00000-00002     3  0  
00003-007FF  1345  700  
00800-00FFF  1808  240  
01000-017FF     0  2048  
01800-01FFF     0  2048  



